<?xml version="1.0" encoding="UTF-8"?>
<!-- Generated by org.testng.reporters.JUnitReportReporter -->
<testsuite hostname="Harini" name="swaglabs.LockedOutUser" tests="1" failures="0" timestamp="1 Dec 2019 22:21:15 GMT" time="1.122" errors="0">
  <testcase name="validateUser" time="1.122" classname="swaglabs.LockedOutUser"/>
</testsuite>
