<?xml version="1.0" encoding="UTF-8"?>
<!-- Generated by org.testng.reporters.JUnitReportReporter -->
<testsuite hostname="Harini" name="swaglabs.StandardUser" tests="1" failures="0" timestamp="1 Dec 2019 22:21:15 GMT" time="4.649" errors="0">
  <testcase name="validateUser" time="4.649" classname="swaglabs.StandardUser"/>
</testsuite>
